Performing C SOURCE FILE Test CMAKE_HAVE_LIBC_PTHREAD failed with the following output:
Change Dir: /home/gxf/catkin_ws_boonrayCar/src/lidar_localization/build/CMakeFiles/CMakeTmp

Run Build Command(s):/home/gxf/.local/bin/ninja cmTC_c9824 && [1/2] Building C object CMakeFiles/cmTC_c9824.dir/src.c.o
[2/2] Linking C executable cmTC_c9824
FAILED: cmTC_c9824 
: && /usr/bin/gcc-5 -DCMAKE_HAVE_LIBC_PTHREAD -rdynamic CMakeFiles/cmTC_c9824.dir/src.c.o -o cmTC_c9824   && :
CMakeFiles/cmTC_c9824.dir/src.c.o：在函数‘main’中：
src.c:(.text+0x3c)：对‘pthread_create’未定义的引用
src.c:(.text+0x48)：对‘pthread_detach’未定义的引用
src.c:(.text+0x54)：对‘pthread_cancel’未定义的引用
src.c:(.text+0x65)：对‘pthread_join’未定义的引用
src.c:(.text+0x79)：对‘pthread_atfork’未定义的引用
collect2: error: ld returned 1 exit status
ninja: build stopped: subcommand failed.


Source file was:
#include <pthread.h>

void* test_func(void* data)
{
  return data;
}

int main(void)
{
  pthread_t thread;
  pthread_create(&thread, NULL, test_func, NULL);
  pthread_detach(thread);
  pthread_cancel(thread);
  pthread_join(thread, NULL);
  pthread_atfork(NULL, NULL, NULL);
  pthread_exit(NULL);

  return 0;
}

Determining if the function pthread_create exists in the pthreads failed with the following output:
Change Dir: /home/gxf/catkin_ws_boonrayCar/src/lidar_localization/build/CMakeFiles/CMakeTmp

Run Build Command(s):/home/gxf/.local/bin/ninja cmTC_3b85f && [1/2] Building C object CMakeFiles/cmTC_3b85f.dir/CheckFunctionExists.c.o
[2/2] Linking C executable cmTC_3b85f
FAILED: cmTC_3b85f 
: && /usr/bin/gcc-5 -DCHECK_FUNCTION_EXISTS=pthread_create -rdynamic CMakeFiles/cmTC_3b85f.dir/CheckFunctionExists.c.o -o cmTC_3b85f  -lpthreads && :
/usr/bin/ld: 找不到 -lpthreads
collect2: error: ld returned 1 exit status
ninja: build stopped: subcommand failed.



